2024/11/01 09:07:22 [emerg] 1#1: host not found in upstream "nuxt" in /etc/nginx/conf.d/nginx.conf:24
2024/11/01 09:07:33 [emerg] 1#1: host not found in upstream "nuxt" in /etc/nginx/conf.d/nginx.conf:24
2024/11/01 09:07:44 [emerg] 1#1: host not found in upstream "nuxt" in /etc/nginx/conf.d/nginx.conf:24
2024/11/01 09:07:54 [emerg] 1#1: host not found in upstream "nuxt" in /etc/nginx/conf.d/nginx.conf:24
2024/11/01 09:08:05 [emerg] 1#1: host not found in upstream "nuxt" in /etc/nginx/conf.d/nginx.conf:24
2024/11/01 09:08:16 [emerg] 1#1: host not found in upstream "nuxt" in /etc/nginx/conf.d/nginx.conf:24
2024/11/01 09:08:27 [emerg] 1#1: host not found in upstream "nuxt" in /etc/nginx/conf.d/nginx.conf:24
2024/11/01 09:08:37 [emerg] 1#1: host not found in upstream "nuxt" in /etc/nginx/conf.d/nginx.conf:24
2024/11/01 09:08:48 [emerg] 1#1: host not found in upstream "nuxt" in /etc/nginx/conf.d/nginx.conf:24
2024/11/01 09:08:59 [emerg] 1#1: host not found in upstream "nuxt" in /etc/nginx/conf.d/nginx.conf:24
2024/11/01 09:09:09 [emerg] 1#1: host not found in upstream "nuxt" in /etc/nginx/conf.d/nginx.conf:24
2024/11/01 09:09:20 [emerg] 1#1: host not found in upstream "nuxt" in /etc/nginx/conf.d/nginx.conf:24
2024/11/01 09:09:31 [emerg] 1#1: host not found in upstream "nuxt" in /etc/nginx/conf.d/nginx.conf:24
2024/11/01 09:09:42 [emerg] 1#1: host not found in upstream "nuxt" in /etc/nginx/conf.d/nginx.conf:24
2024/11/01 09:09:53 [emerg] 1#1: host not found in upstream "nuxt" in /etc/nginx/conf.d/nginx.conf:24
2024/11/01 09:10:03 [emerg] 1#1: host not found in upstream "nuxt" in /etc/nginx/conf.d/nginx.conf:24
2024/11/01 09:10:14 [emerg] 1#1: host not found in upstream "nuxt" in /etc/nginx/conf.d/nginx.conf:24
2024/11/01 09:10:25 [emerg] 1#1: host not found in upstream "nuxt" in /etc/nginx/conf.d/nginx.conf:24
2024/11/01 09:10:36 [emerg] 1#1: host not found in upstream "nuxt" in /etc/nginx/conf.d/nginx.conf:24
2024/11/01 09:10:46 [emerg] 1#1: host not found in upstream "nuxt" in /etc/nginx/conf.d/nginx.conf:24
2024/11/01 09:10:57 [emerg] 1#1: host not found in upstream "nuxt" in /etc/nginx/conf.d/nginx.conf:24
2024/11/01 09:11:07 [emerg] 1#1: host not found in upstream "nuxt" in /etc/nginx/conf.d/nginx.conf:24
2024/11/01 09:11:18 [emerg] 1#1: host not found in upstream "nuxt" in /etc/nginx/conf.d/nginx.conf:24
2024/11/01 09:11:29 [emerg] 1#1: host not found in upstream "nuxt" in /etc/nginx/conf.d/nginx.conf:24
2024/11/01 09:11:40 [emerg] 1#1: host not found in upstream "nuxt" in /etc/nginx/conf.d/nginx.conf:24
2024/11/01 09:11:50 [emerg] 1#1: host not found in upstream "nuxt" in /etc/nginx/conf.d/nginx.conf:24
2024/11/01 09:12:01 [emerg] 1#1: host not found in upstream "nuxt" in /etc/nginx/conf.d/nginx.conf:24
2024/11/01 09:12:12 [emerg] 1#1: host not found in upstream "nuxt" in /etc/nginx/conf.d/nginx.conf:24
2024/11/01 09:12:22 [emerg] 1#1: host not found in upstream "nuxt" in /etc/nginx/conf.d/nginx.conf:24
2024/11/01 09:12:33 [emerg] 1#1: host not found in upstream "nuxt" in /etc/nginx/conf.d/nginx.conf:24
2024/11/01 09:12:44 [emerg] 1#1: host not found in upstream "nuxt" in /etc/nginx/conf.d/nginx.conf:24
2024/11/01 09:12:54 [emerg] 1#1: host not found in upstream "nuxt" in /etc/nginx/conf.d/nginx.conf:24
2024/11/01 09:13:05 [emerg] 1#1: host not found in upstream "nuxt" in /etc/nginx/conf.d/nginx.conf:24
2024/11/01 09:13:16 [emerg] 1#1: host not found in upstream "nuxt" in /etc/nginx/conf.d/nginx.conf:24
2024/11/01 09:13:27 [emerg] 1#1: host not found in upstream "nuxt" in /etc/nginx/conf.d/nginx.conf:24
2024/11/01 09:13:37 [emerg] 1#1: host not found in upstream "nuxt" in /etc/nginx/conf.d/nginx.conf:24
2024/11/01 09:13:48 [emerg] 1#1: host not found in upstream "nuxt" in /etc/nginx/conf.d/nginx.conf:24
2024/11/01 09:13:59 [emerg] 1#1: host not found in upstream "nuxt" in /etc/nginx/conf.d/nginx.conf:24
2024/11/01 09:14:09 [emerg] 1#1: host not found in upstream "nuxt" in /etc/nginx/conf.d/nginx.conf:24
2024/11/01 09:14:20 [emerg] 1#1: host not found in upstream "nuxt" in /etc/nginx/conf.d/nginx.conf:24
2024/11/01 09:14:31 [emerg] 1#1: host not found in upstream "nuxt" in /etc/nginx/conf.d/nginx.conf:24
2024/11/01 09:14:41 [emerg] 1#1: host not found in upstream "nuxt" in /etc/nginx/conf.d/nginx.conf:24
2024/11/01 09:14:52 [emerg] 1#1: host not found in upstream "nuxt" in /etc/nginx/conf.d/nginx.conf:24
2024/11/01 09:15:03 [emerg] 1#1: host not found in upstream "nuxt" in /etc/nginx/conf.d/nginx.conf:24
2024/11/01 09:15:14 [emerg] 1#1: host not found in upstream "nuxt" in /etc/nginx/conf.d/nginx.conf:24
2024/11/01 09:15:24 [emerg] 1#1: host not found in upstream "nuxt" in /etc/nginx/conf.d/nginx.conf:24
2024/11/01 09:15:35 [emerg] 1#1: host not found in upstream "nuxt" in /etc/nginx/conf.d/nginx.conf:24
2024/11/01 09:15:46 [emerg] 1#1: host not found in upstream "nuxt" in /etc/nginx/conf.d/nginx.conf:24
2024/11/01 09:15:57 [emerg] 1#1: host not found in upstream "nuxt" in /etc/nginx/conf.d/nginx.conf:24
2024/11/01 09:16:07 [emerg] 1#1: host not found in upstream "nuxt" in /etc/nginx/conf.d/nginx.conf:24
2024/11/01 09:16:18 [emerg] 1#1: host not found in upstream "nuxt" in /etc/nginx/conf.d/nginx.conf:24
2024/11/01 09:16:29 [emerg] 1#1: host not found in upstream "nuxt" in /etc/nginx/conf.d/nginx.conf:24
2024/11/01 09:16:40 [emerg] 1#1: host not found in upstream "nuxt" in /etc/nginx/conf.d/nginx.conf:24
2024/11/01 09:16:50 [emerg] 1#1: host not found in upstream "nuxt" in /etc/nginx/conf.d/nginx.conf:24
2024/11/01 09:17:01 [emerg] 1#1: host not found in upstream "nuxt" in /etc/nginx/conf.d/nginx.conf:24
2024/11/01 09:17:12 [emerg] 1#1: host not found in upstream "nuxt" in /etc/nginx/conf.d/nginx.conf:24
2024/11/01 09:17:22 [emerg] 1#1: host not found in upstream "nuxt" in /etc/nginx/conf.d/nginx.conf:24
2024/11/01 09:17:33 [emerg] 1#1: host not found in upstream "nuxt" in /etc/nginx/conf.d/nginx.conf:24
2024/11/01 09:17:44 [emerg] 1#1: host not found in upstream "nuxt" in /etc/nginx/conf.d/nginx.conf:24
2024/11/01 09:17:54 [emerg] 1#1: host not found in upstream "nuxt" in /etc/nginx/conf.d/default.conf:24
2024/11/01 09:18:05 [emerg] 1#1: host not found in upstream "nuxt" in /etc/nginx/conf.d/default.conf:24
2024/11/01 09:18:16 [emerg] 1#1: host not found in upstream "nuxt" in /etc/nginx/conf.d/default.conf:24
2024/11/01 09:18:27 [emerg] 1#1: host not found in upstream "nuxt" in /etc/nginx/conf.d/default.conf:24
2024/11/01 09:18:37 [emerg] 1#1: host not found in upstream "nuxt" in /etc/nginx/conf.d/default.conf:24
2024/11/01 09:18:48 [emerg] 1#1: host not found in upstream "nuxt" in /etc/nginx/conf.d/default.conf:24
2024/11/01 09:18:59 [emerg] 1#1: host not found in upstream "nuxt" in /etc/nginx/conf.d/default.conf:24
2024/11/01 09:19:09 [emerg] 1#1: host not found in upstream "nuxt" in /etc/nginx/conf.d/default.conf:24
2024/11/01 09:19:20 [emerg] 1#1: host not found in upstream "nuxt" in /etc/nginx/conf.d/default.conf:24
2024/11/01 09:19:31 [emerg] 1#1: host not found in upstream "nuxt" in /etc/nginx/conf.d/default.conf:24
2024/11/01 09:19:41 [emerg] 1#1: host not found in upstream "nuxt" in /etc/nginx/conf.d/nginx.conf:24
2024/11/01 09:19:52 [emerg] 1#1: host not found in upstream "nuxt" in /etc/nginx/conf.d/nginx.conf:24
2024/11/01 09:20:03 [emerg] 1#1: host not found in upstream "nuxt" in /etc/nginx/conf.d/nginx.conf:24
2024/11/01 09:20:14 [emerg] 1#1: host not found in upstream "nuxt" in /etc/nginx/conf.d/nginx.conf:24
2024/11/01 09:20:24 [emerg] 1#1: host not found in upstream "nuxt" in /etc/nginx/conf.d/nginx.conf:24
2024/11/01 09:20:35 [emerg] 1#1: host not found in upstream "nuxt" in /etc/nginx/conf.d/nginx.conf:24
2024/11/01 09:20:46 [emerg] 1#1: host not found in upstream "nuxt" in /etc/nginx/conf.d/nginx.conf:24
2024/11/01 09:20:57 [emerg] 1#1: host not found in upstream "nuxt" in /etc/nginx/conf.d/nginx.conf:24
2024/11/01 09:21:08 [emerg] 1#1: host not found in upstream "nuxt" in /etc/nginx/conf.d/nginx.conf:24
2024/11/01 09:21:18 [emerg] 1#1: host not found in upstream "nuxt" in /etc/nginx/conf.d/nginx.conf:24
2024/11/01 09:21:29 [emerg] 1#1: host not found in upstream "nuxt" in /etc/nginx/conf.d/nginx.conf:24
2024/11/01 09:21:40 [emerg] 1#1: host not found in upstream "nuxt" in /etc/nginx/conf.d/nginx.conf:24
2024/11/01 09:21:50 [emerg] 1#1: host not found in upstream "nuxt" in /etc/nginx/conf.d/nginx.conf:24
2024/11/01 09:22:01 [emerg] 1#1: host not found in upstream "nuxt" in /etc/nginx/conf.d/nginx.conf:24
2024/11/01 09:22:12 [emerg] 1#1: host not found in upstream "nuxt" in /etc/nginx/conf.d/nginx.conf:24
2024/11/01 09:22:23 [emerg] 1#1: host not found in upstream "nuxt" in /etc/nginx/conf.d/nginx.conf:24
2024/11/01 09:22:33 [emerg] 1#1: host not found in upstream "nuxt" in /etc/nginx/conf.d/nginx.conf:24
2024/11/01 09:23:32 [emerg] 1#1: host not found in upstream "nuxt" in /etc/nginx/conf.d/nginx.conf:24
2024/11/01 09:23:42 [emerg] 1#1: host not found in upstream "nuxt" in /etc/nginx/conf.d/nginx.conf:24
2024/11/01 09:23:53 [emerg] 1#1: host not found in upstream "nuxt" in /etc/nginx/conf.d/nginx.conf:24
2024/11/01 09:24:04 [emerg] 1#1: host not found in upstream "nuxt" in /etc/nginx/conf.d/nginx.conf:24
2024/11/01 09:24:14 [emerg] 1#1: host not found in upstream "nuxt" in /etc/nginx/conf.d/nginx.conf:24
2024/11/01 09:24:25 [emerg] 1#1: host not found in upstream "nuxt" in /etc/nginx/conf.d/nginx.conf:24
2024/11/01 09:24:36 [emerg] 1#1: host not found in upstream "nuxt" in /etc/nginx/conf.d/nginx.conf:24
2024/11/01 09:24:47 [emerg] 1#1: host not found in upstream "nuxt" in /etc/nginx/conf.d/nginx.conf:24
2024/11/01 09:24:57 [emerg] 1#1: host not found in upstream "nuxt" in /etc/nginx/conf.d/nginx.conf:24
2024/11/01 09:25:08 [emerg] 1#1: host not found in upstream "nuxt" in /etc/nginx/conf.d/nginx.conf:24
2024/11/01 09:26:19 [notice] 1#1: using the "epoll" event method
2024/11/01 09:26:19 [notice] 1#1: nginx/1.27.2
2024/11/01 09:26:19 [notice] 1#1: built by gcc 12.2.0 (Debian 12.2.0-14) 
2024/11/01 09:26:19 [notice] 1#1: OS: Linux 5.15.153.1-microsoft-standard-WSL2
2024/11/01 09:26:19 [notice] 1#1: getrlimit(RLIMIT_NOFILE): 1048576:1048576
2024/11/01 09:26:19 [notice] 1#1: start worker processes
2024/11/01 09:26:19 [notice] 1#1: start worker process 19
2024/11/01 09:26:19 [notice] 1#1: start worker process 20
2024/11/01 09:26:19 [notice] 1#1: start worker process 21
2024/11/01 09:26:19 [notice] 1#1: start worker process 22
2024/11/01 10:21:01 [warn] 21#21: *2 an upstream response is buffered to a temporary file /var/cache/nginx/proxy_temp/1/00/0000000001 while reading upstream, client: 172.18.0.1, server: , request: "GET /_nuxt/e3IJGbEP.js HTTP/1.1", upstream: "http://172.18.0.2:3000/_nuxt/e3IJGbEP.js", host: "localhost", referrer: "http://localhost/"
2024/11/01 10:22:28 [notice] 1#1: signal 3 (SIGQUIT) received, shutting down
2024/11/01 10:22:28 [notice] 19#19: gracefully shutting down
2024/11/01 10:22:28 [notice] 20#20: gracefully shutting down
2024/11/01 10:22:28 [notice] 19#19: exiting
2024/11/01 10:22:28 [notice] 19#19: exit
2024/11/01 10:22:28 [notice] 20#20: exiting
2024/11/01 10:22:28 [notice] 22#22: gracefully shutting down
2024/11/01 10:22:28 [notice] 20#20: exit
2024/11/01 10:22:28 [notice] 22#22: exiting
2024/11/01 10:22:28 [notice] 22#22: exit
2024/11/01 10:22:28 [notice] 21#21: gracefully shutting down
2024/11/01 10:22:28 [notice] 21#21: exiting
2024/11/01 10:22:28 [notice] 21#21: exit
2024/11/01 10:22:28 [notice] 1#1: signal 17 (SIGCHLD) received from 22
2024/11/01 10:22:28 [notice] 1#1: worker process 22 exited with code 0
2024/11/01 10:22:28 [notice] 1#1: signal 29 (SIGIO) received
2024/11/01 10:22:28 [notice] 1#1: signal 17 (SIGCHLD) received from 19
2024/11/01 10:22:28 [notice] 1#1: worker process 19 exited with code 0
2024/11/01 10:22:28 [notice] 1#1: signal 29 (SIGIO) received
2024/11/01 10:22:28 [notice] 1#1: signal 17 (SIGCHLD) received from 20
2024/11/01 10:22:28 [notice] 1#1: worker process 20 exited with code 0
2024/11/01 10:22:28 [notice] 1#1: signal 29 (SIGIO) received
2024/11/01 10:22:28 [notice] 1#1: signal 17 (SIGCHLD) received from 21
2024/11/01 10:22:28 [notice] 1#1: worker process 21 exited with code 0
2024/11/01 10:22:28 [notice] 1#1: exit
2024/11/01 10:23:03 [notice] 1#1: using the "epoll" event method
2024/11/01 10:23:03 [notice] 1#1: nginx/1.27.2
2024/11/01 10:23:03 [notice] 1#1: built by gcc 12.2.0 (Debian 12.2.0-14) 
2024/11/01 10:23:03 [notice] 1#1: OS: Linux 5.15.153.1-microsoft-standard-WSL2
2024/11/01 10:23:03 [notice] 1#1: getrlimit(RLIMIT_NOFILE): 1048576:1048576
2024/11/01 10:23:03 [notice] 1#1: start worker processes
2024/11/01 10:23:03 [notice] 1#1: start worker process 20
2024/11/01 10:23:03 [notice] 1#1: start worker process 21
2024/11/01 10:23:03 [notice] 1#1: start worker process 22
2024/11/01 10:23:03 [notice] 1#1: start worker process 23
2024/11/01 11:23:13 [notice] 1#1: signal 3 (SIGQUIT) received, shutting down
2024/11/01 11:23:13 [notice] 20#20: gracefully shutting down
2024/11/01 11:23:13 [notice] 23#23: gracefully shutting down
2024/11/01 11:23:13 [notice] 20#20: exiting
2024/11/01 11:23:13 [notice] 23#23: exiting
2024/11/01 11:23:13 [notice] 22#22: gracefully shutting down
2024/11/01 11:23:13 [notice] 20#20: exit
2024/11/01 11:23:13 [notice] 23#23: exit
2024/11/01 11:23:13 [notice] 22#22: exiting
2024/11/01 11:23:13 [notice] 22#22: exit
2024/11/01 11:23:13 [notice] 21#21: gracefully shutting down
2024/11/01 11:23:13 [notice] 21#21: exiting
2024/11/01 11:23:13 [notice] 21#21: exit
2024/11/01 11:23:13 [notice] 1#1: signal 17 (SIGCHLD) received from 22
2024/11/01 11:23:13 [notice] 1#1: worker process 20 exited with code 0
2024/11/01 11:23:13 [notice] 1#1: worker process 22 exited with code 0
2024/11/01 11:23:13 [notice] 1#1: signal 29 (SIGIO) received
2024/11/01 11:23:13 [notice] 1#1: signal 17 (SIGCHLD) received from 21
2024/11/01 11:23:13 [notice] 1#1: worker process 21 exited with code 0
2024/11/01 11:23:13 [notice] 1#1: worker process 23 exited with code 0
2024/11/01 11:23:13 [notice] 1#1: exit
